<?xml version="1.0" encoding="UTF-8"?>
<!-- Generated by org.testng.reporters.JUnitReportReporter -->
<testsuite skipped="0" hostname="Hang-PC" name="com.hth.test.TestCase1" tests="1" failures="0" timestamp="2020-06-15T21:54:03 ICT" time="18.758" errors="0">
  <testcase name="addProductToCart" time="18.758" classname="com.hth.test.TestCase1"/>
  <system-out/>
</testsuite> <!-- com.hth.test.TestCase1 -->
