<?xml version="1.0" encoding="UTF-8"?>
<!-- Generated by org.testng.reporters.JUnitReportReporter -->
<testsuite skipped="0" hostname="Hang-PC" name="com.hth.test.TestCase1AddToCart" tests="1" failures="0" timestamp="2020-06-16T15:36:54 ICT" time="13.774" errors="0">
  <testcase name="addProductToCart" time="13.774" classname="com.hth.test.TestCase1AddToCart"/>
  <system-out/>
</testsuite> <!-- com.hth.test.TestCase1AddToCart -->
