<?xml version="1.0" encoding="UTF-8"?>
<!-- Generated by org.testng.reporters.JUnitReportReporter -->
<testsuite skipped="0" hostname="Hang-PC" name="com.hth.test.TestCase2SearchFunction" tests="2" failures="0" timestamp="2020-06-16T15:36:54 ICT" time="13.730" errors="0">
  <testcase name="search" time="6.197" classname="com.hth.test.TestCase2SearchFunction"/>
  <system-out/>
  <testcase name="search" time="7.533" classname="com.hth.test.TestCase2SearchFunction"/>
  <system-out/>
</testsuite> <!-- com.hth.test.TestCase2SearchFunction -->
